This file contains any messages produced by compilers while
running configure, to aid debugging if configure makes a mistake.

It was created by bluepoint configure 1.4.0, which was
generated by GNU Autoconf 2.71.  Invocation command line was

  $ ./configure

## --------- ##
## Platform. ##
## --------- ##

hostname = ubunew
uname -m = x86_64
uname -r = 5.15.0-48-generic
uname -s = Linux
uname -v = #54-Ubuntu SMP Fri Aug 26 13:26:29 UTC 2022

/usr/bin/uname -p = x86_64
/bin/uname -X     = unknown

/bin/arch              = x86_64
/usr/bin/arch -k       = unknown
/usr/convex/getsysinfo = unknown
/usr/bin/hostinfo      = unknown
/bin/machine           = unknown
/usr/bin/oslevel       = unknown
/bin/universe          = unknown

PATH: /home/peterglen/Downloads/gcc-arm-none-eabi-10.3-2021.10/bin/
PATH: /home/peterglen/Downloads/gcc-arm-none-eabi-10.3-2021.10/gcc-arm-none-eabi-10.3-2021.10/bin/
PATH: /home/peterglen/android-studio/bin/
PATH: /home/peterglen/eclipse/cpp-2020-12/eclipse/
PATH: /home/peterglen/bin/
PATH: /home/peterglen/.cargo/bin/
PATH: /home/peterglen/.local/bin/
PATH: /home/peterglen/bin/
PATH: /usr/local/sbin/
PATH: /usr/local/bin/
PATH: /usr/sbin/
PATH: /usr/bin/
PATH: /sbin/
PATH: /bin/
PATH: /usr/games/
PATH: /usr/local/games/
PATH: /snap/bin/
PATH: /opt/firefox/firefox/
PATH: /home/peterglen/cloud/flutter/bin/


## ----------- ##
## Core tests. ##
## ----------- ##

configure:2501: looking for aux files: config.guess config.sub compile missing install-sh
configure:2514:  trying ./
configure:2543:   ./config.guess found
configure:2543:   ./config.sub found
configure:2543:   ./compile found
configure:2543:   ./missing found
configure:2525:   ./install-sh found
configure:2677: checking for a BSD-compatible install
configure:2750: result: /usr/bin/install -c
configure:2761: checking whether build environment is sane
configure:2816: result: yes
configure:2975: checking for a race-free mkdir -p
configure:3019: result: /usr/bin/mkdir -p
configure:3026: checking for gawk
configure:3047: found /usr/bin/gawk
configure:3058: result: gawk
configure:3069: checking whether make sets $(MAKE)
configure:3092: result: yes
configure:3122: checking whether make supports nested variables
configure:3140: result: yes
configure:3285: checking for gawk
configure:3317: result: gawk
configure:3390: checking for gcc
configure:3411: found /usr/bin/gcc
configure:3422: result: gcc
configure:3775: checking for C compiler version
configure:3784: gcc --version >&5
gcc (Ubuntu 11.2.0-19ubuntu1) 11.2.0
Copyright (C) 2021 Free Software Foundation, Inc.
This is free software; see the source for copying conditions.  There is NO
warranty; not even for MERCHANTABILITY or FITNESS FOR A PARTICULAR PURPOSE.

configure:3795: $? = 0
configure:3784: gcc -v >&5
Using built-in specs.
COLLECT_GCC=gcc
COLLECT_LTO_WRAPPER=/usr/lib/gcc/x86_64-linux-gnu/11/lto-wrapper
OFFLOAD_TARGET_NAMES=nvptx-none:amdgcn-amdhsa
OFFLOAD_TARGET_DEFAULT=1
Target: x86_64-linux-gnu
Configured with: ../src/configure -v --with-pkgversion='Ubuntu 11.2.0-19ubuntu1' --with-bugurl=file:///usr/share/doc/gcc-11/README.Bugs --enable-languages=c,ada,c++,go,brig,d,fortran,objc,obj-c++,m2 --prefix=/usr --with-gcc-major-version-only --program-suffix=-11 --program-prefix=x86_64-linux-gnu- --enable-shared --enable-linker-build-id --libexecdir=/usr/lib --without-included-gettext --enable-threads=posix --libdir=/usr/lib --enable-nls --enable-bootstrap --enable-clocale=gnu --enable-libstdcxx-debug --enable-libstdcxx-time=yes --with-default-libstdcxx-abi=new --enable-gnu-unique-object --disable-vtable-verify --enable-plugin --enable-default-pie --with-system-zlib --enable-libphobos-checking=release --with-target-system-zlib=auto --enable-objc-gc=auto --enable-multiarch --disable-werror --enable-cet --with-arch-32=i686 --with-abi=m64 --with-multilib-list=m32,m64,mx32 --enable-multilib --with-tune=generic --enable-offload-targets=nvptx-none=/build/gcc-11-gBFGDP/gcc-11-11.2.0/debian/tmp-nvptx/usr,amdgcn-amdhsa=/build/gcc-11-gBFGDP/gcc-11-11.2.0/debian/tmp-gcn/usr --without-cuda-driver --enable-checking=release --build=x86_64-linux-gnu --host=x86_64-linux-gnu --target=x86_64-linux-gnu --with-build-config=bootstrap-lto-lean --enable-link-serialization=2
Thread model: posix
Supported LTO compression algorithms: zlib zstd
gcc version 11.2.0 (Ubuntu 11.2.0-19ubuntu1) 
... rest of stderr output deleted ...
configure:3795: $? = 0
configure:3784: gcc -V >&5
gcc: error: unrecognized command-line option '-V'
gcc: fatal error: no input files
compilation terminated.
configure:3795: $? = 1
configure:3784: gcc -qversion >&5
gcc: error: unrecognized command-line option '-qversion'; did you mean '--version'?
gcc: fatal error: no input files
compilation terminated.
configure:3795: $? = 1
configure:3784: gcc -version >&5
gcc: error: unrecognized command-line option '-version'
gcc: fatal error: no input files
compilation terminated.
configure:3795: $? = 1
configure:3815: checking whether the C compiler works
configure:3837: gcc    conftest.c  >&5
configure:3841: $? = 0
configure:3891: result: yes
configure:3894: checking for C compiler default output file name
configure:3896: result: a.out
configure:3902: checking for suffix of executables
configure:3909: gcc -o conftest    conftest.c  >&5
configure:3913: $? = 0
configure:3936: result: 
configure:3958: checking whether we are cross compiling
configure:3966: gcc -o conftest    conftest.c  >&5
configure:3970: $? = 0
configure:3977: ./conftest
configure:3981: $? = 0
configure:3996: result: no
configure:4001: checking for suffix of object files
configure:4024: gcc -c   conftest.c >&5
configure:4028: $? = 0
configure:4050: result: o
configure:4054: checking whether the compiler supports GNU C
configure:4074: gcc -c   conftest.c >&5
configure:4074: $? = 0
configure:4084: result: yes
configure:4095: checking whether gcc accepts -g
configure:4116: gcc -c -g  conftest.c >&5
configure:4116: $? = 0
configure:4160: result: yes
configure:4180: checking for gcc option to enable C11 features
configure:4195: gcc  -c -g -O2  conftest.c >&5
configure:4195: $? = 0
configure:4213: result: none needed
configure:4329: checking whether gcc understands -c and -o together
configure:4352: gcc -c conftest.c -o conftest2.o
configure:4355: $? = 0
configure:4352: gcc -c conftest.c -o conftest2.o
configure:4355: $? = 0
configure:4367: result: yes
configure:4387: checking whether make supports the include directive
configure:4402: make -f confmf.GNU && cat confinc.out
this is the am__doit target
configure:4405: $? = 0
configure:4424: result: yes (GNU style)
configure:4450: checking dependency style of gcc
configure:4562: result: none
configure:4577: checking whether make sets $(MAKE)
configure:4600: result: yes
configure:4618: checking for fuse_new in -lfuse_ino64
configure:4641: gcc -o conftest -g -O2   -D_FILE_OFFSET_BITS=64 -DFUSE_USE_VERSION=33 -I/usr/include/fuse3 -D__STDC_FORMAT_MACROS    conftest.c -lfuse_ino64   >&5
/usr/bin/ld: cannot find -lfuse_ino64: No such file or directory
collect2: error: ld returned 1 exit status
configure:4641: $? = 1
configure: failed program was:
| /* confdefs.h */
| #define PACKAGE_NAME "bluepoint"
| #define PACKAGE_TARNAME "bluepoint"
| #define PACKAGE_VERSION "1.4.0"
| #define PACKAGE_STRING "bluepoint 1.4.0"
| #define PACKAGE_BUGREPORT "peterglen99@gmail.com"
| #define PACKAGE_URL ""
| #define PACKAGE "bluepoint"
| #define VERSION "1.4.0"
| /* end confdefs.h.  */
| 
| /* Override any GCC internal prototype to avoid an error.
|    Use char because int might match the return type of a GCC
|    builtin and then its argument prototype would still apply.  */
| char fuse_new ();
| int
| main (void)
| {
| return fuse_new ();
|   ;
|   return 0;
| }
configure:4651: result: no
configure:4657: checking for fuse_new in -lfuse3
configure:4680: gcc -o conftest -g -O2   -D_FILE_OFFSET_BITS=64 -DFUSE_USE_VERSION=33 -I/usr/include/fuse3 -D__STDC_FORMAT_MACROS    conftest.c -lfuse3   >&5
configure:4680: $? = 0
configure:4690: result: yes
configure:4710: checking for stdio.h
configure:4710: gcc -c -g -O2   -D_FILE_OFFSET_BITS=64 -DFUSE_USE_VERSION=33 -I/usr/include/fuse3 -D__STDC_FORMAT_MACROS conftest.c >&5
configure:4710: $? = 0
configure:4710: result: yes
configure:4710: checking for stdlib.h
configure:4710: gcc -c -g -O2   -D_FILE_OFFSET_BITS=64 -DFUSE_USE_VERSION=33 -I/usr/include/fuse3 -D__STDC_FORMAT_MACROS conftest.c >&5
configure:4710: $? = 0
configure:4710: result: yes
configure:4710: checking for string.h
configure:4710: gcc -c -g -O2   -D_FILE_OFFSET_BITS=64 -DFUSE_USE_VERSION=33 -I/usr/include/fuse3 -D__STDC_FORMAT_MACROS conftest.c >&5
configure:4710: $? = 0
configure:4710: result: yes
configure:4710: checking for inttypes.h
configure:4710: gcc -c -g -O2   -D_FILE_OFFSET_BITS=64 -DFUSE_USE_VERSION=33 -I/usr/include/fuse3 -D__STDC_FORMAT_MACROS conftest.c >&5
configure:4710: $? = 0
configure:4710: result: yes
configure:4710: checking for stdint.h
configure:4710: gcc -c -g -O2   -D_FILE_OFFSET_BITS=64 -DFUSE_USE_VERSION=33 -I/usr/include/fuse3 -D__STDC_FORMAT_MACROS conftest.c >&5
configure:4710: $? = 0
configure:4710: result: yes
configure:4710: checking for strings.h
configure:4710: gcc -c -g -O2   -D_FILE_OFFSET_BITS=64 -DFUSE_USE_VERSION=33 -I/usr/include/fuse3 -D__STDC_FORMAT_MACROS conftest.c >&5
configure:4710: $? = 0
configure:4710: result: yes
configure:4710: checking for sys/stat.h
configure:4710: gcc -c -g -O2   -D_FILE_OFFSET_BITS=64 -DFUSE_USE_VERSION=33 -I/usr/include/fuse3 -D__STDC_FORMAT_MACROS conftest.c >&5
configure:4710: $? = 0
configure:4710: result: yes
configure:4710: checking for sys/types.h
configure:4710: gcc -c -g -O2   -D_FILE_OFFSET_BITS=64 -DFUSE_USE_VERSION=33 -I/usr/include/fuse3 -D__STDC_FORMAT_MACROS conftest.c >&5
configure:4710: $? = 0
configure:4710: result: yes
configure:4710: checking for unistd.h
configure:4710: gcc -c -g -O2   -D_FILE_OFFSET_BITS=64 -DFUSE_USE_VERSION=33 -I/usr/include/fuse3 -D__STDC_FORMAT_MACROS conftest.c >&5
configure:4710: $? = 0
configure:4710: result: yes
configure:4710: checking for vfork.h
configure:4710: gcc -c -g -O2   -D_FILE_OFFSET_BITS=64 -DFUSE_USE_VERSION=33 -I/usr/include/fuse3 -D__STDC_FORMAT_MACROS conftest.c >&5
conftest.c:48:10: fatal error: vfork.h: No such file or directory
   48 | #include <vfork.h>
      |          ^~~~~~~~~
compilation terminated.
configure:4710: $? = 1
configure: failed program was:
| /* confdefs.h */
| #define PACKAGE_NAME "bluepoint"
| #define PACKAGE_TARNAME "bluepoint"
| #define PACKAGE_VERSION "1.4.0"
| #define PACKAGE_STRING "bluepoint 1.4.0"
| #define PACKAGE_BUGREPORT "peterglen99@gmail.com"
| #define PACKAGE_URL ""
| #define PACKAGE "bluepoint"
| #define VERSION "1.4.0"
| #define HAVE_STDIO_H 1
| #define HAVE_STDLIB_H 1
| #define HAVE_STRING_H 1
| #define HAVE_INTTYPES_H 1
| #define HAVE_STDINT_H 1
| #define HAVE_STRINGS_H 1
| #define HAVE_SYS_STAT_H 1
| #define HAVE_SYS_TYPES_H 1
| #define HAVE_UNISTD_H 1
| /* end confdefs.h.  */
| #include <stddef.h>
| #ifdef HAVE_STDIO_H
| # include <stdio.h>
| #endif
| #ifdef HAVE_STDLIB_H
| # include <stdlib.h>
| #endif
| #ifdef HAVE_STRING_H
| # include <string.h>
| #endif
| #ifdef HAVE_INTTYPES_H
| # include <inttypes.h>
| #endif
| #ifdef HAVE_STDINT_H
| # include <stdint.h>
| #endif
| #ifdef HAVE_STRINGS_H
| # include <strings.h>
| #endif
| #ifdef HAVE_SYS_TYPES_H
| # include <sys/types.h>
| #endif
| #ifdef HAVE_SYS_STAT_H
| # include <sys/stat.h>
| #endif
| #ifdef HAVE_UNISTD_H
| # include <unistd.h>
| #endif
| #include <vfork.h>
configure:4710: result: no
configure:4735: checking for fuse.h
configure:4735: gcc -c -g -O2   -D_FILE_OFFSET_BITS=64 -DFUSE_USE_VERSION=33 -I/usr/include/fuse3 -D__STDC_FORMAT_MACROS conftest.c >&5
configure:4735: $? = 0
configure:4735: result: yes
configure:4751: checking for main in -lulockmgr
configure:4771: gcc -o conftest -g -O2   -D_FILE_OFFSET_BITS=64 -DFUSE_USE_VERSION=33 -I/usr/include/fuse3 -D__STDC_FORMAT_MACROS    conftest.c -lulockmgr   >&5
configure:4771: $? = 0
configure:4781: result: yes
configure:4793: checking for fcntl.h
configure:4793: gcc -c -g -O2   -D_FILE_OFFSET_BITS=64 -DFUSE_USE_VERSION=33 -I/usr/include/fuse3 -D__STDC_FORMAT_MACROS conftest.c >&5
configure:4793: $? = 0
configure:4793: result: yes
configure:4799: checking for limits.h
configure:4799: gcc -c -g -O2   -D_FILE_OFFSET_BITS=64 -DFUSE_USE_VERSION=33 -I/usr/include/fuse3 -D__STDC_FORMAT_MACROS conftest.c >&5
configure:4799: $? = 0
configure:4799: result: yes
configure:4805: checking for stdlib.h
configure:4805: result: yes
configure:4811: checking for string.h
configure:4811: result: yes
configure:4817: checking for sys/time.h
configure:4817: gcc -c -g -O2   -D_FILE_OFFSET_BITS=64 -DFUSE_USE_VERSION=33 -I/usr/include/fuse3 -D__STDC_FORMAT_MACROS conftest.c >&5
configure:4817: $? = 0
configure:4817: result: yes
configure:4823: checking for syslog.h
configure:4823: gcc -c -g -O2   -D_FILE_OFFSET_BITS=64 -DFUSE_USE_VERSION=33 -I/usr/include/fuse3 -D__STDC_FORMAT_MACROS conftest.c >&5
configure:4823: $? = 0
configure:4823: result: yes
configure:4829: checking for unistd.h
configure:4829: result: yes
configure:4849: checking how to run the C preprocessor
configure:4875: gcc -E   -D_FILE_OFFSET_BITS=64 -DFUSE_USE_VERSION=33 -I/usr/include/fuse3 -D__STDC_FORMAT_MACROS conftest.c
configure:4875: $? = 0
configure:4890: gcc -E   -D_FILE_OFFSET_BITS=64 -DFUSE_USE_VERSION=33 -I/usr/include/fuse3 -D__STDC_FORMAT_MACROS conftest.c
conftest.c:29:10: fatal error: ac_nonexistent.h: No such file or directory
   29 | #include <ac_nonexistent.h>
      |          ^~~~~~~~~~~~~~~~~~
compilation terminated.
configure:4890: $? = 1
configure: failed program was:
| /* confdefs.h */
| #define PACKAGE_NAME "bluepoint"
| #define PACKAGE_TARNAME "bluepoint"
| #define PACKAGE_VERSION "1.4.0"
| #define PACKAGE_STRING "bluepoint 1.4.0"
| #define PACKAGE_BUGREPORT "peterglen99@gmail.com"
| #define PACKAGE_URL ""
| #define PACKAGE "bluepoint"
| #define VERSION "1.4.0"
| #define HAVE_STDIO_H 1
| #define HAVE_STDLIB_H 1
| #define HAVE_STRING_H 1
| #define HAVE_INTTYPES_H 1
| #define HAVE_STDINT_H 1
| #define HAVE_STRINGS_H 1
| #define HAVE_SYS_STAT_H 1
| #define HAVE_SYS_TYPES_H 1
| #define HAVE_UNISTD_H 1
| #define STDC_HEADERS 1
| #define HAVE_LIBULOCKMGR 1
| #define HAVE_FCNTL_H 1
| #define HAVE_LIMITS_H 1
| #define HAVE_STDLIB_H 1
| #define HAVE_STRING_H 1
| #define HAVE_SYS_TIME_H 1
| #define HAVE_SYSLOG_H 1
| #define HAVE_UNISTD_H 1
| /* end confdefs.h.  */
| #include <ac_nonexistent.h>
configure:4917: result: gcc -E
configure:4931: gcc -E   -D_FILE_OFFSET_BITS=64 -DFUSE_USE_VERSION=33 -I/usr/include/fuse3 -D__STDC_FORMAT_MACROS conftest.c
configure:4931: $? = 0
configure:4946: gcc -E   -D_FILE_OFFSET_BITS=64 -DFUSE_USE_VERSION=33 -I/usr/include/fuse3 -D__STDC_FORMAT_MACROS conftest.c
conftest.c:29:10: fatal error: ac_nonexistent.h: No such file or directory
   29 | #include <ac_nonexistent.h>
      |          ^~~~~~~~~~~~~~~~~~
compilation terminated.
configure:4946: $? = 1
configure: failed program was:
| /* confdefs.h */
| #define PACKAGE_NAME "bluepoint"
| #define PACKAGE_TARNAME "bluepoint"
| #define PACKAGE_VERSION "1.4.0"
| #define PACKAGE_STRING "bluepoint 1.4.0"
| #define PACKAGE_BUGREPORT "peterglen99@gmail.com"
| #define PACKAGE_URL ""
| #define PACKAGE "bluepoint"
| #define VERSION "1.4.0"
| #define HAVE_STDIO_H 1
| #define HAVE_STDLIB_H 1
| #define HAVE_STRING_H 1
| #define HAVE_INTTYPES_H 1
| #define HAVE_STDINT_H 1
| #define HAVE_STRINGS_H 1
| #define HAVE_SYS_STAT_H 1
| #define HAVE_SYS_TYPES_H 1
| #define HAVE_UNISTD_H 1
| #define STDC_HEADERS 1
| #define HAVE_LIBULOCKMGR 1
| #define HAVE_FCNTL_H 1
| #define HAVE_LIMITS_H 1
| #define HAVE_STDLIB_H 1
| #define HAVE_STRING_H 1
| #define HAVE_SYS_TIME_H 1
| #define HAVE_SYSLOG_H 1
| #define HAVE_UNISTD_H 1
| /* end confdefs.h.  */
| #include <ac_nonexistent.h>
configure:4977: checking for grep that handles long lines and -e
configure:5041: result: /usr/bin/grep
configure:5046: checking for egrep
configure:5114: result: /usr/bin/grep -E
configure:5119: checking for uid_t in sys/types.h
configure:5140: result: yes
configure:5151: checking for inline
configure:5168: gcc -c    -D_FILE_OFFSET_BITS=64 -DFUSE_USE_VERSION=33 -I/usr/include/fuse3 -D__STDC_FORMAT_MACROS conftest.c >&5
configure:5168: $? = 0
configure:5177: result: inline
configure:5195: checking for mode_t
configure:5195: gcc -c    -D_FILE_OFFSET_BITS=64 -DFUSE_USE_VERSION=33 -I/usr/include/fuse3 -D__STDC_FORMAT_MACROS conftest.c >&5
configure:5195: $? = 0
configure:5195: gcc -c    -D_FILE_OFFSET_BITS=64 -DFUSE_USE_VERSION=33 -I/usr/include/fuse3 -D__STDC_FORMAT_MACROS conftest.c >&5
conftest.c: In function 'main':
conftest.c:60:21: error: expected expression before ')' token
   60 | if (sizeof ((mode_t)))
      |                     ^
configure:5195: $? = 1
configure: failed program was:
| /* confdefs.h */
| #define PACKAGE_NAME "bluepoint"
| #define PACKAGE_TARNAME "bluepoint"
| #define PACKAGE_VERSION "1.4.0"
| #define PACKAGE_STRING "bluepoint 1.4.0"
| #define PACKAGE_BUGREPORT "peterglen99@gmail.com"
| #define PACKAGE_URL ""
| #define PACKAGE "bluepoint"
| #define VERSION "1.4.0"
| #define HAVE_STDIO_H 1
| #define HAVE_STDLIB_H 1
| #define HAVE_STRING_H 1
| #define HAVE_INTTYPES_H 1
| #define HAVE_STDINT_H 1
| #define HAVE_STRINGS_H 1
| #define HAVE_SYS_STAT_H 1
| #define HAVE_SYS_TYPES_H 1
| #define HAVE_UNISTD_H 1
| #define STDC_HEADERS 1
| #define HAVE_LIBULOCKMGR 1
| #define HAVE_FCNTL_H 1
| #define HAVE_LIMITS_H 1
| #define HAVE_STDLIB_H 1
| #define HAVE_STRING_H 1
| #define HAVE_SYS_TIME_H 1
| #define HAVE_SYSLOG_H 1
| #define HAVE_UNISTD_H 1
| /* end confdefs.h.  */
| #include <stddef.h>
| #ifdef HAVE_STDIO_H
| # include <stdio.h>
| #endif
| #ifdef HAVE_STDLIB_H
| # include <stdlib.h>
| #endif
| #ifdef HAVE_STRING_H
| # include <string.h>
| #endif
| #ifdef HAVE_INTTYPES_H
| # include <inttypes.h>
| #endif
| #ifdef HAVE_STDINT_H
| # include <stdint.h>
| #endif
| #ifdef HAVE_STRINGS_H
| # include <strings.h>
| #endif
| #ifdef HAVE_SYS_TYPES_H
| # include <sys/types.h>
| #endif
| #ifdef HAVE_SYS_STAT_H
| # include <sys/stat.h>
| #endif
| #ifdef HAVE_UNISTD_H
| # include <unistd.h>
| #endif
| int
| main (void)
| {
| if (sizeof ((mode_t)))
| 	    return 0;
|   ;
|   return 0;
| }
configure:5195: result: yes
configure:5205: checking for off_t
configure:5205: gcc -c    -D_FILE_OFFSET_BITS=64 -DFUSE_USE_VERSION=33 -I/usr/include/fuse3 -D__STDC_FORMAT_MACROS conftest.c >&5
configure:5205: $? = 0
configure:5205: gcc -c    -D_FILE_OFFSET_BITS=64 -DFUSE_USE_VERSION=33 -I/usr/include/fuse3 -D__STDC_FORMAT_MACROS conftest.c >&5
conftest.c: In function 'main':
conftest.c:60:20: error: expected expression before ')' token
   60 | if (sizeof ((off_t)))
      |                    ^
configure:5205: $? = 1
configure: failed program was:
| /* confdefs.h */
| #define PACKAGE_NAME "bluepoint"
| #define PACKAGE_TARNAME "bluepoint"
| #define PACKAGE_VERSION "1.4.0"
| #define PACKAGE_STRING "bluepoint 1.4.0"
| #define PACKAGE_BUGREPORT "peterglen99@gmail.com"
| #define PACKAGE_URL ""
| #define PACKAGE "bluepoint"
| #define VERSION "1.4.0"
| #define HAVE_STDIO_H 1
| #define HAVE_STDLIB_H 1
| #define HAVE_STRING_H 1
| #define HAVE_INTTYPES_H 1
| #define HAVE_STDINT_H 1
| #define HAVE_STRINGS_H 1
| #define HAVE_SYS_STAT_H 1
| #define HAVE_SYS_TYPES_H 1
| #define HAVE_UNISTD_H 1
| #define STDC_HEADERS 1
| #define HAVE_LIBULOCKMGR 1
| #define HAVE_FCNTL_H 1
| #define HAVE_LIMITS_H 1
| #define HAVE_STDLIB_H 1
| #define HAVE_STRING_H 1
| #define HAVE_SYS_TIME_H 1
| #define HAVE_SYSLOG_H 1
| #define HAVE_UNISTD_H 1
| /* end confdefs.h.  */
| #include <stddef.h>
| #ifdef HAVE_STDIO_H
| # include <stdio.h>
| #endif
| #ifdef HAVE_STDLIB_H
| # include <stdlib.h>
| #endif
| #ifdef HAVE_STRING_H
| # include <string.h>
| #endif
| #ifdef HAVE_INTTYPES_H
| # include <inttypes.h>
| #endif
| #ifdef HAVE_STDINT_H
| # include <stdint.h>
| #endif
| #ifdef HAVE_STRINGS_H
| # include <strings.h>
| #endif
| #ifdef HAVE_SYS_TYPES_H
| # include <sys/types.h>
| #endif
| #ifdef HAVE_SYS_STAT_H
| # include <sys/stat.h>
| #endif
| #ifdef HAVE_UNISTD_H
| # include <unistd.h>
| #endif
| int
| main (void)
| {
| if (sizeof ((off_t)))
| 	    return 0;
|   ;
|   return 0;
| }
configure:5205: result: yes
configure:5216: checking for pid_t
configure:5216: gcc -c    -D_FILE_OFFSET_BITS=64 -DFUSE_USE_VERSION=33 -I/usr/include/fuse3 -D__STDC_FORMAT_MACROS conftest.c >&5
configure:5216: $? = 0
configure:5216: gcc -c    -D_FILE_OFFSET_BITS=64 -DFUSE_USE_VERSION=33 -I/usr/include/fuse3 -D__STDC_FORMAT_MACROS conftest.c >&5
conftest.c: In function 'main':
conftest.c:61:20: error: expected expression before ')' token
   61 | if (sizeof ((pid_t)))
      |                    ^
configure:5216: $? = 1
configure: failed program was:
| /* confdefs.h */
| #define PACKAGE_NAME "bluepoint"
| #define PACKAGE_TARNAME "bluepoint"
| #define PACKAGE_VERSION "1.4.0"
| #define PACKAGE_STRING "bluepoint 1.4.0"
| #define PACKAGE_BUGREPORT "peterglen99@gmail.com"
| #define PACKAGE_URL ""
| #define PACKAGE "bluepoint"
| #define VERSION "1.4.0"
| #define HAVE_STDIO_H 1
| #define HAVE_STDLIB_H 1
| #define HAVE_STRING_H 1
| #define HAVE_INTTYPES_H 1
| #define HAVE_STDINT_H 1
| #define HAVE_STRINGS_H 1
| #define HAVE_SYS_STAT_H 1
| #define HAVE_SYS_TYPES_H 1
| #define HAVE_UNISTD_H 1
| #define STDC_HEADERS 1
| #define HAVE_LIBULOCKMGR 1
| #define HAVE_FCNTL_H 1
| #define HAVE_LIMITS_H 1
| #define HAVE_STDLIB_H 1
| #define HAVE_STRING_H 1
| #define HAVE_SYS_TIME_H 1
| #define HAVE_SYSLOG_H 1
| #define HAVE_UNISTD_H 1
| /* end confdefs.h.  */
| #include <stddef.h>
| #ifdef HAVE_STDIO_H
| # include <stdio.h>
| #endif
| #ifdef HAVE_STDLIB_H
| # include <stdlib.h>
| #endif
| #ifdef HAVE_STRING_H
| # include <string.h>
| #endif
| #ifdef HAVE_INTTYPES_H
| # include <inttypes.h>
| #endif
| #ifdef HAVE_STDINT_H
| # include <stdint.h>
| #endif
| #ifdef HAVE_STRINGS_H
| # include <strings.h>
| #endif
| #ifdef HAVE_SYS_TYPES_H
| # include <sys/types.h>
| #endif
| #ifdef HAVE_SYS_STAT_H
| # include <sys/stat.h>
| #endif
| #ifdef HAVE_UNISTD_H
| # include <unistd.h>
| #endif
| 
| int
| main (void)
| {
| if (sizeof ((pid_t)))
| 	    return 0;
|   ;
|   return 0;
| }
configure:5216: result: yes
configure:5252: checking for size_t
configure:5252: gcc -c    -D_FILE_OFFSET_BITS=64 -DFUSE_USE_VERSION=33 -I/usr/include/fuse3 -D__STDC_FORMAT_MACROS conftest.c >&5
configure:5252: $? = 0
configure:5252: gcc -c    -D_FILE_OFFSET_BITS=64 -DFUSE_USE_VERSION=33 -I/usr/include/fuse3 -D__STDC_FORMAT_MACROS conftest.c >&5
conftest.c: In function 'main':
conftest.c:60:21: error: expected expression before ')' token
   60 | if (sizeof ((size_t)))
      |                     ^
configure:5252: $? = 1
configure: failed program was:
| /* confdefs.h */
| #define PACKAGE_NAME "bluepoint"
| #define PACKAGE_TARNAME "bluepoint"
| #define PACKAGE_VERSION "1.4.0"
| #define PACKAGE_STRING "bluepoint 1.4.0"
| #define PACKAGE_BUGREPORT "peterglen99@gmail.com"
| #define PACKAGE_URL ""
| #define PACKAGE "bluepoint"
| #define VERSION "1.4.0"
| #define HAVE_STDIO_H 1
| #define HAVE_STDLIB_H 1
| #define HAVE_STRING_H 1
| #define HAVE_INTTYPES_H 1
| #define HAVE_STDINT_H 1
| #define HAVE_STRINGS_H 1
| #define HAVE_SYS_STAT_H 1
| #define HAVE_SYS_TYPES_H 1
| #define HAVE_UNISTD_H 1
| #define STDC_HEADERS 1
| #define HAVE_LIBULOCKMGR 1
| #define HAVE_FCNTL_H 1
| #define HAVE_LIMITS_H 1
| #define HAVE_STDLIB_H 1
| #define HAVE_STRING_H 1
| #define HAVE_SYS_TIME_H 1
| #define HAVE_SYSLOG_H 1
| #define HAVE_UNISTD_H 1
| /* end confdefs.h.  */
| #include <stddef.h>
| #ifdef HAVE_STDIO_H
| # include <stdio.h>
| #endif
| #ifdef HAVE_STDLIB_H
| # include <stdlib.h>
| #endif
| #ifdef HAVE_STRING_H
| # include <string.h>
| #endif
| #ifdef HAVE_INTTYPES_H
| # include <inttypes.h>
| #endif
| #ifdef HAVE_STDINT_H
| # include <stdint.h>
| #endif
| #ifdef HAVE_STRINGS_H
| # include <strings.h>
| #endif
| #ifdef HAVE_SYS_TYPES_H
| # include <sys/types.h>
| #endif
| #ifdef HAVE_SYS_STAT_H
| # include <sys/stat.h>
| #endif
| #ifdef HAVE_UNISTD_H
| # include <unistd.h>
| #endif
| int
| main (void)
| {
| if (sizeof ((size_t)))
| 	    return 0;
|   ;
|   return 0;
| }
configure:5252: result: yes
configure:5262: checking for ssize_t
configure:5262: gcc -c    -D_FILE_OFFSET_BITS=64 -DFUSE_USE_VERSION=33 -I/usr/include/fuse3 -D__STDC_FORMAT_MACROS conftest.c >&5
configure:5262: $? = 0
configure:5262: gcc -c    -D_FILE_OFFSET_BITS=64 -DFUSE_USE_VERSION=33 -I/usr/include/fuse3 -D__STDC_FORMAT_MACROS conftest.c >&5
conftest.c: In function 'main':
conftest.c:60:22: error: expected expression before ')' token
   60 | if (sizeof ((ssize_t)))
      |                      ^
configure:5262: $? = 1
configure: failed program was:
| /* confdefs.h */
| #define PACKAGE_NAME "bluepoint"
| #define PACKAGE_TARNAME "bluepoint"
| #define PACKAGE_VERSION "1.4.0"
| #define PACKAGE_STRING "bluepoint 1.4.0"
| #define PACKAGE_BUGREPORT "peterglen99@gmail.com"
| #define PACKAGE_URL ""
| #define PACKAGE "bluepoint"
| #define VERSION "1.4.0"
| #define HAVE_STDIO_H 1
| #define HAVE_STDLIB_H 1
| #define HAVE_STRING_H 1
| #define HAVE_INTTYPES_H 1
| #define HAVE_STDINT_H 1
| #define HAVE_STRINGS_H 1
| #define HAVE_SYS_STAT_H 1
| #define HAVE_SYS_TYPES_H 1
| #define HAVE_UNISTD_H 1
| #define STDC_HEADERS 1
| #define HAVE_LIBULOCKMGR 1
| #define HAVE_FCNTL_H 1
| #define HAVE_LIMITS_H 1
| #define HAVE_STDLIB_H 1
| #define HAVE_STRING_H 1
| #define HAVE_SYS_TIME_H 1
| #define HAVE_SYSLOG_H 1
| #define HAVE_UNISTD_H 1
| /* end confdefs.h.  */
| #include <stddef.h>
| #ifdef HAVE_STDIO_H
| # include <stdio.h>
| #endif
| #ifdef HAVE_STDLIB_H
| # include <stdlib.h>
| #endif
| #ifdef HAVE_STRING_H
| # include <string.h>
| #endif
| #ifdef HAVE_INTTYPES_H
| # include <inttypes.h>
| #endif
| #ifdef HAVE_STDINT_H
| # include <stdint.h>
| #endif
| #ifdef HAVE_STRINGS_H
| # include <strings.h>
| #endif
| #ifdef HAVE_SYS_TYPES_H
| # include <sys/types.h>
| #endif
| #ifdef HAVE_SYS_STAT_H
| # include <sys/stat.h>
| #endif
| #ifdef HAVE_UNISTD_H
| # include <unistd.h>
| #endif
| int
| main (void)
| {
| if (sizeof ((ssize_t)))
| 	    return 0;
|   ;
|   return 0;
| }
configure:5262: result: yes
configure:5272: checking for struct stat.st_blksize
configure:5272: gcc -c    -D_FILE_OFFSET_BITS=64 -DFUSE_USE_VERSION=33 -I/usr/include/fuse3 -D__STDC_FORMAT_MACROS conftest.c >&5
configure:5272: $? = 0
configure:5272: result: yes
configure:5283: checking for error_at_line
configure:5300: gcc -o conftest    -D_FILE_OFFSET_BITS=64 -DFUSE_USE_VERSION=33 -I/usr/include/fuse3 -D__STDC_FORMAT_MACROS    conftest.c -lulockmgr  >&5
configure:5300: $? = 0
configure:5309: result: yes
configure:5325: checking for fork
configure:5325: gcc -o conftest    -D_FILE_OFFSET_BITS=64 -DFUSE_USE_VERSION=33 -I/usr/include/fuse3 -D__STDC_FORMAT_MACROS    conftest.c -lulockmgr  >&5
conftest.c:46:6: warning: conflicting types for built-in function 'fork'; expected 'int(void)' [-Wbuiltin-declaration-mismatch]
   46 | char fork ();
      |      ^~~~
configure:5325: $? = 0
configure:5325: result: yes
configure:5325: checking for vfork
configure:5325: gcc -o conftest    -D_FILE_OFFSET_BITS=64 -DFUSE_USE_VERSION=33 -I/usr/include/fuse3 -D__STDC_FORMAT_MACROS    conftest.c -lulockmgr  >&5
configure:5325: $? = 0
configure:5325: result: yes
configure:5338: checking for working fork
configure:5362: gcc -o conftest    -D_FILE_OFFSET_BITS=64 -DFUSE_USE_VERSION=33 -I/usr/include/fuse3 -D__STDC_FORMAT_MACROS    conftest.c -lulockmgr  >&5
configure:5362: $? = 0
configure:5362: ./conftest
configure:5362: $? = 0
configure:5373: result: yes
configure:5394: checking for working vfork
configure:5523: result: yes
configure:5554: checking build system type
configure:5569: result: x86_64-pc-linux-gnu
configure:5589: checking host system type
configure:5603: result: x86_64-pc-linux-gnu
configure:5623: checking whether lstat correctly handles trailing slash
configure:5656: gcc -o conftest    -D_FILE_OFFSET_BITS=64 -DFUSE_USE_VERSION=33 -I/usr/include/fuse3 -D__STDC_FORMAT_MACROS    conftest.c -lulockmgr  >&5
configure:5656: $? = 0
configure:5656: ./conftest
configure:5656: $? = 0
configure:5674: result: yes
configure:5691: checking for GNU libc compatible malloc
configure:5723: gcc -o conftest    -D_FILE_OFFSET_BITS=64 -DFUSE_USE_VERSION=33 -I/usr/include/fuse3 -D__STDC_FORMAT_MACROS    conftest.c -lulockmgr  >&5
configure:5723: $? = 0
configure:5723: ./conftest
configure:5723: $? = 0
configure:5734: result: yes
configure:5756: checking for clock_gettime
configure:5756: gcc -o conftest    -D_FILE_OFFSET_BITS=64 -DFUSE_USE_VERSION=33 -I/usr/include/fuse3 -D__STDC_FORMAT_MACROS    conftest.c -lulockmgr  >&5
configure:5756: $? = 0
configure:5756: result: yes
configure:5762: checking for dup2
configure:5762: gcc -o conftest    -D_FILE_OFFSET_BITS=64 -DFUSE_USE_VERSION=33 -I/usr/include/fuse3 -D__STDC_FORMAT_MACROS    conftest.c -lulockmgr  >&5
configure:5762: $? = 0
configure:5762: result: yes
configure:5768: checking for fdatasync
configure:5768: gcc -o conftest    -D_FILE_OFFSET_BITS=64 -DFUSE_USE_VERSION=33 -I/usr/include/fuse3 -D__STDC_FORMAT_MACROS    conftest.c -lulockmgr  >&5
configure:5768: $? = 0
configure:5768: result: yes
configure:5774: checking for ftruncate
configure:5774: gcc -o conftest    -D_FILE_OFFSET_BITS=64 -DFUSE_USE_VERSION=33 -I/usr/include/fuse3 -D__STDC_FORMAT_MACROS    conftest.c -lulockmgr  >&5
configure:5774: $? = 0
configure:5774: result: yes
configure:5780: checking for getcwd
configure:5780: gcc -o conftest    -D_FILE_OFFSET_BITS=64 -DFUSE_USE_VERSION=33 -I/usr/include/fuse3 -D__STDC_FORMAT_MACROS    conftest.c -lulockmgr  >&5
configure:5780: $? = 0
configure:5780: result: yes
configure:5786: checking for getpass
configure:5786: gcc -o conftest    -D_FILE_OFFSET_BITS=64 -DFUSE_USE_VERSION=33 -I/usr/include/fuse3 -D__STDC_FORMAT_MACROS    conftest.c -lulockmgr  >&5
configure:5786: $? = 0
configure:5786: result: yes
configure:5792: checking for lchown
configure:5792: gcc -o conftest    -D_FILE_OFFSET_BITS=64 -DFUSE_USE_VERSION=33 -I/usr/include/fuse3 -D__STDC_FORMAT_MACROS    conftest.c -lulockmgr  >&5
configure:5792: $? = 0
configure:5792: result: yes
configure:5798: checking for memset
configure:5798: gcc -o conftest    -D_FILE_OFFSET_BITS=64 -DFUSE_USE_VERSION=33 -I/usr/include/fuse3 -D__STDC_FORMAT_MACROS    conftest.c -lulockmgr  >&5
conftest.c:59:6: warning: conflicting types for built-in function 'memset'; expected 'void *(void *, int,  long unsigned int)' [-Wbuiltin-declaration-mismatch]
   59 | char memset ();
      |      ^~~~~~
conftest.c:51:1: note: 'memset' is declared in header '<string.h>'
   50 | #include <limits.h>
   51 | #undef memset
configure:5798: $? = 0
configure:5798: result: yes
configure:5804: checking for mkdir
configure:5804: gcc -o conftest    -D_FILE_OFFSET_BITS=64 -DFUSE_USE_VERSION=33 -I/usr/include/fuse3 -D__STDC_FORMAT_MACROS    conftest.c -lulockmgr  >&5
configure:5804: $? = 0
configure:5804: result: yes
configure:5810: checking for mkfifo
configure:5810: gcc -o conftest    -D_FILE_OFFSET_BITS=64 -DFUSE_USE_VERSION=33 -I/usr/include/fuse3 -D__STDC_FORMAT_MACROS    conftest.c -lulockmgr  >&5
configure:5810: $? = 0
configure:5810: result: yes
configure:5816: checking for rmdir
configure:5816: gcc -o conftest    -D_FILE_OFFSET_BITS=64 -DFUSE_USE_VERSION=33 -I/usr/include/fuse3 -D__STDC_FORMAT_MACROS    conftest.c -lulockmgr  >&5
configure:5816: $? = 0
configure:5816: result: yes
configure:5822: checking for strstr
configure:5822: gcc -o conftest    -D_FILE_OFFSET_BITS=64 -DFUSE_USE_VERSION=33 -I/usr/include/fuse3 -D__STDC_FORMAT_MACROS    conftest.c -lulockmgr  >&5
conftest.c:63:6: warning: conflicting types for built-in function 'strstr'; expected 'char *(const char *, const char *)' [-Wbuiltin-declaration-mismatch]
   63 | char strstr ();
      |      ^~~~~~
conftest.c:55:1: note: 'strstr' is declared in header '<string.h>'
   54 | #include <limits.h>
   55 | #undef strstr
configure:5822: $? = 0
configure:5822: result: yes
configure:5828: checking for strtol
configure:5828: gcc -o conftest    -D_FILE_OFFSET_BITS=64 -DFUSE_USE_VERSION=33 -I/usr/include/fuse3 -D__STDC_FORMAT_MACROS    conftest.c -lulockmgr  >&5
configure:5828: $? = 0
configure:5828: result: yes
configure:5939: checking that generated files are newer than configure
configure:5945: result: done
configure:5968: creating ./config.status

## ---------------------- ##
## Running config.status. ##
## ---------------------- ##

This file was extended by bluepoint config.status 1.4.0, which was
generated by GNU Autoconf 2.71.  Invocation command line was

  CONFIG_FILES    = 
  CONFIG_HEADERS  = 
  CONFIG_LINKS    = 
  CONFIG_COMMANDS = 
  $ ./config.status 

on ubunew

config.status:885: creating Makefile
config.status:885: creating config.h
config.status:1114: executing depfiles commands

## ---------------- ##
## Cache variables. ##
## ---------------- ##

ac_cv_build=x86_64-pc-linux-gnu
ac_cv_c_compiler_gnu=yes
ac_cv_c_inline=inline
ac_cv_env_CC_set=
ac_cv_env_CC_value=
ac_cv_env_CFLAGS_set=
ac_cv_env_CFLAGS_value=
ac_cv_env_CPPFLAGS_set=
ac_cv_env_CPPFLAGS_value=
ac_cv_env_CPP_set=
ac_cv_env_CPP_value=
ac_cv_env_LDFLAGS_set=
ac_cv_env_LDFLAGS_value=
ac_cv_env_LIBS_set=
ac_cv_env_LIBS_value=
ac_cv_env_build_alias_set=
ac_cv_env_build_alias_value=
ac_cv_env_host_alias_set=
ac_cv_env_host_alias_value=
ac_cv_env_target_alias_set=
ac_cv_env_target_alias_value=
ac_cv_func_clock_gettime=yes
ac_cv_func_dup2=yes
ac_cv_func_fdatasync=yes
ac_cv_func_fork=yes
ac_cv_func_fork_works=yes
ac_cv_func_ftruncate=yes
ac_cv_func_getcwd=yes
ac_cv_func_getpass=yes
ac_cv_func_lchown=yes
ac_cv_func_lstat_dereferences_slashed_symlink=yes
ac_cv_func_malloc_0_nonnull=yes
ac_cv_func_memset=yes
ac_cv_func_mkdir=yes
ac_cv_func_mkfifo=yes
ac_cv_func_rmdir=yes
ac_cv_func_strstr=yes
ac_cv_func_strtol=yes
ac_cv_func_vfork=yes
ac_cv_func_vfork_works=yes
ac_cv_header_fcntl_h=yes
ac_cv_header_fuse_h=yes
ac_cv_header_inttypes_h=yes
ac_cv_header_limits_h=yes
ac_cv_header_stdint_h=yes
ac_cv_header_stdio_h=yes
ac_cv_header_stdlib_h=yes
ac_cv_header_string_h=yes
ac_cv_header_strings_h=yes
ac_cv_header_sys_stat_h=yes
ac_cv_header_sys_time_h=yes
ac_cv_header_sys_types_h=yes
ac_cv_header_syslog_h=yes
ac_cv_header_unistd_h=yes
ac_cv_header_vfork_h=no
ac_cv_host=x86_64-pc-linux-gnu
ac_cv_lib_error_at_line=yes
ac_cv_lib_fuse3_fuse_new=yes
ac_cv_lib_fuse_ino64_fuse_new=no
ac_cv_lib_ulockmgr_main=yes
ac_cv_member_struct_stat_st_blksize=yes
ac_cv_objext=o
ac_cv_path_EGREP='/usr/bin/grep -E'
ac_cv_path_GREP=/usr/bin/grep
ac_cv_path_install='/usr/bin/install -c'
ac_cv_path_mkdir=/usr/bin/mkdir
ac_cv_prog_AWK=gawk
ac_cv_prog_CPP='gcc -E'
ac_cv_prog_ac_ct_CC=gcc
ac_cv_prog_cc_c11=
ac_cv_prog_cc_g=yes
ac_cv_prog_cc_stdc=
ac_cv_prog_make_make_set=yes
ac_cv_type_mode_t=yes
ac_cv_type_off_t=yes
ac_cv_type_pid_t=yes
ac_cv_type_size_t=yes
ac_cv_type_ssize_t=yes
ac_cv_type_uid_t=yes
am_cv_CC_dependencies_compiler_type=none
am_cv_make_support_nested_variables=yes
am_cv_prog_cc_c_o=yes

## ----------------- ##
## Output variables. ##
## ----------------- ##

ACLOCAL='${SHELL} '\''/home/peterglen/pgsrc/bluepoint/missing'\'' aclocal-1.16'
AMDEPBACKSLASH='\'
AMDEP_FALSE='#'
AMDEP_TRUE=''
AMTAR='$${TAR-tar}'
AM_BACKSLASH='\'
AM_DEFAULT_V='$(AM_DEFAULT_VERBOSITY)'
AM_DEFAULT_VERBOSITY='1'
AM_V='$(V)'
AUTOCONF='${SHELL} '\''/home/peterglen/pgsrc/bluepoint/missing'\'' autoconf'
AUTOHEADER='${SHELL} '\''/home/peterglen/pgsrc/bluepoint/missing'\'' autoheader'
AUTOMAKE='${SHELL} '\''/home/peterglen/pgsrc/bluepoint/missing'\'' automake-1.16'
AWK='gawk'
CC='gcc'
CCDEPMODE='depmode=none'
CFLAGS=''
CPP='gcc -E'
CPPFLAGS='  -D_FILE_OFFSET_BITS=64 -DFUSE_USE_VERSION=33 -I/usr/include/fuse3 -D__STDC_FORMAT_MACROS'
CSCOPE='cscope'
CTAGS='ctags'
CYGPATH_W='echo'
DEFS='-DHAVE_CONFIG_H'
DEPDIR='.deps'
ECHO_C=''
ECHO_N='-n'
ECHO_T=''
EGREP='/usr/bin/grep -E'
ETAGS='etags'
EXEEXT=''
GREP='/usr/bin/grep'
INSTALL_DATA='${INSTALL} -m 644'
INSTALL_PROGRAM='${INSTALL}'
INSTALL_SCRIPT='${INSTALL}'
INSTALL_STRIP_PROGRAM='$(install_sh) -c -s'
LDFLAGS='  '
LIBOBJS=''
LIBS='-lulockmgr '
LTLIBOBJS=''
MAKEINFO='${SHELL} '\''/home/peterglen/pgsrc/bluepoint/missing'\'' makeinfo'
MKDIR_P='/usr/bin/mkdir -p'
OBJEXT='o'
PACKAGE='bluepoint'
PACKAGE_BUGREPORT='peterglen99@gmail.com'
PACKAGE_NAME='bluepoint'
PACKAGE_STRING='bluepoint 1.4.0'
PACKAGE_TARNAME='bluepoint'
PACKAGE_URL=''
PACKAGE_VERSION='1.4.0'
PATH_SEPARATOR=':'
SET_MAKE=''
SHELL='/bin/bash'
STRIP=''
VERSION='1.4.0'
ac_ct_CC='gcc'
am__EXEEXT_FALSE=''
am__EXEEXT_TRUE='#'
am__fastdepCC_FALSE=''
am__fastdepCC_TRUE='#'
am__include='include'
am__isrc=''
am__leading_dot='.'
am__nodep='_no'
am__quote=''
am__tar='$${TAR-tar} chof - "$$tardir"'
am__untar='$${TAR-tar} xf -'
bindir='${exec_prefix}/bin'
build='x86_64-pc-linux-gnu'
build_alias=''
build_cpu='x86_64'
build_os='linux-gnu'
build_vendor='pc'
datadir='${datarootdir}'
datarootdir='${prefix}/share'
docdir='${datarootdir}/doc/${PACKAGE_TARNAME}'
dvidir='${docdir}'
exec_prefix='${prefix}'
host='x86_64-pc-linux-gnu'
host_alias=''
host_cpu='x86_64'
host_os='linux-gnu'
host_vendor='pc'
htmldir='${docdir}'
includedir='${prefix}/include'
infodir='${datarootdir}/info'
install_sh='${SHELL} /home/peterglen/pgsrc/bluepoint/install-sh'
libdir='${exec_prefix}/lib'
libexecdir='${exec_prefix}/libexec'
localedir='${datarootdir}/locale'
localstatedir='${prefix}/var'
mandir='${datarootdir}/man'
mkdir_p='$(MKDIR_P)'
oldincludedir='/usr/include'
pdfdir='${docdir}'
prefix='/usr/local'
program_transform_name='s,x,x,'
psdir='${docdir}'
runstatedir='${localstatedir}/run'
sbindir='${exec_prefix}/sbin'
sharedstatedir='${prefix}/com'
sysconfdir='${prefix}/etc'
target_alias=''

## ----------- ##
## confdefs.h. ##
## ----------- ##

/* confdefs.h */
#define PACKAGE_NAME "bluepoint"
#define PACKAGE_TARNAME "bluepoint"
#define PACKAGE_VERSION "1.4.0"
#define PACKAGE_STRING "bluepoint 1.4.0"
#define PACKAGE_BUGREPORT "peterglen99@gmail.com"
#define PACKAGE_URL ""
#define PACKAGE "bluepoint"
#define VERSION "1.4.0"
#define HAVE_STDIO_H 1
#define HAVE_STDLIB_H 1
#define HAVE_STRING_H 1
#define HAVE_INTTYPES_H 1
#define HAVE_STDINT_H 1
#define HAVE_STRINGS_H 1
#define HAVE_SYS_STAT_H 1
#define HAVE_SYS_TYPES_H 1
#define HAVE_UNISTD_H 1
#define STDC_HEADERS 1
#define HAVE_LIBULOCKMGR 1
#define HAVE_FCNTL_H 1
#define HAVE_LIMITS_H 1
#define HAVE_STDLIB_H 1
#define HAVE_STRING_H 1
#define HAVE_SYS_TIME_H 1
#define HAVE_SYSLOG_H 1
#define HAVE_UNISTD_H 1
#define HAVE_STRUCT_STAT_ST_BLKSIZE 1
#define HAVE_FORK 1
#define HAVE_VFORK 1
#define HAVE_WORKING_VFORK 1
#define HAVE_WORKING_FORK 1
#define LSTAT_FOLLOWS_SLASHED_SYMLINK 1
#define HAVE_MALLOC 1
#define HAVE_CLOCK_GETTIME 1
#define HAVE_DUP2 1
#define HAVE_FDATASYNC 1
#define HAVE_FTRUNCATE 1
#define HAVE_GETCWD 1
#define HAVE_GETPASS 1
#define HAVE_LCHOWN 1
#define HAVE_MEMSET 1
#define HAVE_MKDIR 1
#define HAVE_MKFIFO 1
#define HAVE_RMDIR 1
#define HAVE_STRSTR 1
#define HAVE_STRTOL 1

configure: exit 0

## ---------------------- ##
## Running config.status. ##
## ---------------------- ##

This file was extended by bluepoint config.status 1.4.0, which was
generated by GNU Autoconf 2.71.  Invocation command line was

  CONFIG_FILES    = 
  CONFIG_HEADERS  = 
  CONFIG_LINKS    = 
  CONFIG_COMMANDS = 
  $ ./config.status config.h

on ubunew

config.status:885: creating config.h
config.status:1066: config.h is unchanged
